{"C:\\Users\\arist\\Documents\\work\\cosplay_Angola\\cosplay_angola_back\\src\\config\\database.ts": {"path":"C:\\Users\\arist\\Documents\\work\\cosplay_Angola\\cosplay_angola_back\\src\\config\\database.ts","statementMap":{"0":{"start":{"line":4,"column":16},"end":{"line":4,"column":76}},"1":{"start":{"line":6,"column":15},"end":{"line":9,"column":2}}},"fnMap":{},"branchMap":{"0":{"loc":{"start":{"line":8,"column":2},"end":{"line":8,"column":null}},"type":"cond-expr","locations":[{"start":{"line":8,"column":48},"end":{"line":8,"column":77}},{"start":{"line":8,"column":77},"end":{"line":8,"column":null}}],"line":8}},"s":{"0":3,"1":3},"f":{},"b":{"0":[0,3]},"meta":{"lastBranch":1,"lastFunction":0,"lastStatement":2,"seen":{"s:4:16:4:76":0,"s:6:15:9:2":1,"b:8:48:8:77:8:77:8:Infinity":0}}}
,"C:\\Users\\arist\\Documents\\work\\cosplay_Angola\\cosplay_angola_back\\src\\config\\env.ts": {"path":"C:\\Users\\arist\\Documents\\work\\cosplay_Angola\\cosplay_angola_back\\src\\config\\env.ts","statementMap":{"0":{"start":{"line":3,"column":22},"end":{"line":18,"column":null}},"1":{"start":{"line":21,"column":24},"end":{"line":21,"column":54}},"2":{"start":{"line":23,"column":0},"end":{"line":25,"column":null}},"3":{"start":{"line":24,"column":2},"end":{"line":25,"column":null}},"4":{"start":{"line":25,"column":4},"end":{"line":25,"column":null}}},"fnMap":{},"branchMap":{"0":{"loc":{"start":{"line":5,"column":8},"end":{"line":5,"column":null}},"type":"binary-expr","locations":[{"start":{"line":5,"column":8},"end":{"line":5,"column":32}},{"start":{"line":5,"column":36},"end":{"line":5,"column":null}}],"line":5},"1":{"loc":{"start":{"line":6,"column":2},"end":{"line":6,"column":null}},"type":"binary-expr","locations":[{"start":{"line":6,"column":2},"end":{"line":6,"column":35}},{"start":{"line":6,"column":35},"end":{"line":6,"column":null}}],"line":6},"2":{"loc":{"start":{"line":16,"column":13},"end":{"line":16,"column":null}},"type":"binary-expr","locations":[{"start":{"line":16,"column":13},"end":{"line":16,"column":39}},{"start":{"line":16,"column":39},"end":{"line":16,"column":null}}],"line":16},"3":{"loc":{"start":{"line":17,"column":15},"end":{"line":17,"column":null}},"type":"binary-expr","locations":[{"start":{"line":17,"column":15},"end":{"line":17,"column":48}},{"start":{"line":17,"column":52},"end":{"line":17,"column":null}}],"line":17},"4":{"loc":{"start":{"line":24,"column":2},"end":{"line":25,"column":null}},"type":"if","locations":[{"start":{"line":24,"column":2},"end":{"line":25,"column":null}},{"start":{},"end":{}}],"line":24}},"s":{"0":3,"1":3,"2":3,"3":6,"4":0},"f":{},"b":{"0":[3,0],"1":[3,0],"2":[3,0],"3":[3,0],"4":[0,6]},"meta":{"lastBranch":5,"lastFunction":0,"lastStatement":5,"seen":{"s:3:22:18:Infinity":0,"b:5:8:5:32:5:36:5:Infinity":0,"b:6:2:6:35:6:35:6:Infinity":1,"b:16:13:16:39:16:39:16:Infinity":2,"b:17:15:17:48:17:52:17:Infinity":3,"s:21:24:21:54":1,"s:23:0:25:Infinity":2,"b:24:2:25:Infinity:undefined:undefined:undefined:undefined":4,"s:24:2:25:Infinity":3,"s:25:4:25:Infinity":4}}}
,"C:\\Users\\arist\\Documents\\work\\cosplay_Angola\\cosplay_angola_back\\src\\controllers\\auth.controller.ts": {"path":"C:\\Users\\arist\\Documents\\work\\cosplay_Angola\\cosplay_angola_back\\src\\controllers\\auth.controller.ts","statementMap":{"0":{"start":{"line":5,"column":20},"end":{"line":5,"column":37}},"1":{"start":{"line":12,"column":4},"end":{"line":38,"column":null}},"2":{"start":{"line":14,"column":19},"end":{"line":14,"column":53}},"3":{"start":{"line":17,"column":21},"end":{"line":17,"column":53}},"4":{"start":{"line":19,"column":6},"end":{"line":23,"column":null}},"5":{"start":{"line":26,"column":6},"end":{"line":31,"column":null}},"6":{"start":{"line":27,"column":8},"end":{"line":31,"column":null}},"7":{"start":{"line":35,"column":6},"end":{"line":38,"column":null}},"8":{"start":{"line":46,"column":4},"end":{"line":72,"column":null}},"9":{"start":{"line":48,"column":19},"end":{"line":48,"column":50}},"10":{"start":{"line":51,"column":21},"end":{"line":51,"column":50}},"11":{"start":{"line":53,"column":6},"end":{"line":57,"column":null}},"12":{"start":{"line":60,"column":6},"end":{"line":65,"column":null}},"13":{"start":{"line":61,"column":8},"end":{"line":65,"column":null}},"14":{"start":{"line":69,"column":6},"end":{"line":72,"column":null}},"15":{"start":{"line":81,"column":4},"end":{"line":95,"column":null}},"16":{"start":{"line":83,"column":21},"end":{"line":83,"column":null}},"17":{"start":{"line":85,"column":19},"end":{"line":85,"column":56}},"18":{"start":{"line":87,"column":6},"end":{"line":90,"column":null}},"19":{"start":{"line":92,"column":6},"end":{"line":95,"column":null}}},"fnMap":{"0":{"name":"(anonymous_0)","decl":{"start":{"line":11,"column":8},"end":{"line":11,"column":17}},"loc":{"start":{"line":11,"column":63},"end":{"line":38,"column":null}},"line":11},"1":{"name":"(anonymous_1)","decl":{"start":{"line":45,"column":8},"end":{"line":45,"column":14}},"loc":{"start":{"line":45,"column":60},"end":{"line":72,"column":null}},"line":45},"2":{"name":"(anonymous_2)","decl":{"start":{"line":80,"column":8},"end":{"line":80,"column":11}},"loc":{"start":{"line":80,"column":57},"end":{"line":95,"column":null}},"line":80}},"branchMap":{"0":{"loc":{"start":{"line":26,"column":6},"end":{"line":31,"column":null}},"type":"if","locations":[{"start":{"line":26,"column":6},"end":{"line":31,"column":null}},{"start":{},"end":{}}],"line":26},"1":{"loc":{"start":{"line":37,"column":17},"end":{"line":37,"column":null}},"type":"binary-expr","locations":[{"start":{"line":37,"column":17},"end":{"line":37,"column":34}},{"start":{"line":37,"column":34},"end":{"line":37,"column":null}}],"line":37},"2":{"loc":{"start":{"line":60,"column":6},"end":{"line":65,"column":null}},"type":"if","locations":[{"start":{"line":60,"column":6},"end":{"line":65,"column":null}},{"start":{},"end":{}}],"line":60},"3":{"loc":{"start":{"line":71,"column":17},"end":{"line":71,"column":null}},"type":"binary-expr","locations":[{"start":{"line":71,"column":17},"end":{"line":71,"column":34}},{"start":{"line":71,"column":34},"end":{"line":71,"column":null}}],"line":71},"4":{"loc":{"start":{"line":94,"column":17},"end":{"line":94,"column":null}},"type":"binary-expr","locations":[{"start":{"line":94,"column":17},"end":{"line":94,"column":34}},{"start":{"line":94,"column":34},"end":{"line":94,"column":null}}],"line":94}},"s":{"0":3,"1":7,"2":7,"3":7,"4":3,"5":4,"6":3,"7":1,"8":6,"9":6,"10":6,"11":2,"12":4,"13":2,"14":2,"15":1,"16":1,"17":1,"18":1,"19":0},"f":{"0":7,"1":6,"2":1},"b":{"0":[3,1],"1":[1,0],"2":[2,2],"3":[2,0],"4":[0,0]},"meta":{"lastBranch":5,"lastFunction":3,"lastStatement":20,"seen":{"s:5:20:5:37":0,"f:11:8:11:17":0,"s:12:4:38:Infinity":1,"s:14:19:14:53":2,"s:17:21:17:53":3,"s:19:6:23:Infinity":4,"b:26:6:31:Infinity:undefined:undefined:undefined:undefined":0,"s:26:6:31:Infinity":5,"s:27:8:31:Infinity":6,"s:35:6:38:Infinity":7,"b:37:17:37:34:37:34:37:Infinity":1,"f:45:8:45:14":1,"s:46:4:72:Infinity":8,"s:48:19:48:50":9,"s:51:21:51:50":10,"s:53:6:57:Infinity":11,"b:60:6:65:Infinity:undefined:undefined:undefined:undefined":2,"s:60:6:65:Infinity":12,"s:61:8:65:Infinity":13,"s:69:6:72:Infinity":14,"b:71:17:71:34:71:34:71:Infinity":3,"f:80:8:80:11":2,"s:81:4:95:Infinity":15,"s:83:21:83:Infinity":16,"s:85:19:85:56":17,"s:87:6:90:Infinity":18,"s:92:6:95:Infinity":19,"b:94:17:94:34:94:34:94:Infinity":4}}}
,"C:\\Users\\arist\\Documents\\work\\cosplay_Angola\\cosplay_angola_back\\src\\generated\\prisma\\client.ts": {"path":"C:\\Users\\arist\\Documents\\work\\cosplay_Angola\\cosplay_angola_back\\src\\generated\\prisma\\client.ts","statementMap":{"0":{"start":{"line":38,"column":28},"end":{"line":38,"column":57}}},"fnMap":{},"branchMap":{},"s":{"0":3},"f":{},"b":{},"meta":{"lastBranch":0,"lastFunction":0,"lastStatement":1,"seen":{"s:38:28:38:57":0}}}
,"C:\\Users\\arist\\Documents\\work\\cosplay_Angola\\cosplay_angola_back\\src\\generated\\prisma\\enums.ts": {"path":"C:\\Users\\arist\\Documents\\work\\cosplay_Angola\\cosplay_angola_back\\src\\generated\\prisma\\enums.ts","statementMap":{"0":{"start":{"line":12,"column":20},"end":{"line":16,"column":null}}},"fnMap":{},"branchMap":{},"s":{"0":3},"f":{},"b":{},"meta":{"lastBranch":0,"lastFunction":0,"lastStatement":1,"seen":{"s:12:20:16:Infinity":0}}}
,"C:\\Users\\arist\\Documents\\work\\cosplay_Angola\\cosplay_angola_back\\src\\generated\\prisma\\internal\\class.ts": {"path":"C:\\Users\\arist\\Documents\\work\\cosplay_Angola\\cosplay_angola_back\\src\\generated\\prisma\\internal\\class.ts","statementMap":{"0":{"start":{"line":18,"column":46},"end":{"line":33,"column":null}},"1":{"start":{"line":35,"column":0},"end":{"line":35,"column":null}},"2":{"start":{"line":36,"column":0},"end":{"line":39,"column":null}},"3":{"start":{"line":42,"column":21},"end":{"line":42,"column":null}},"4":{"start":{"line":43,"column":20},"end":{"line":43,"column":53}},"5":{"start":{"line":44,"column":2},"end":{"line":44,"column":null}},"6":{"start":{"line":47,"column":0},"end":{"line":56,"column":null}},"7":{"start":{"line":48,"column":26},"end":{"line":48,"column":null}},"8":{"start":{"line":51,"column":21},"end":{"line":51,"column":null}},"9":{"start":{"line":52,"column":4},"end":{"line":52,"column":null}},"10":{"start":{"line":213,"column":2},"end":{"line":213,"column":null}}},"fnMap":{"0":{"name":"decodeBase64AsWasm","decl":{"start":{"line":41,"column":15},"end":{"line":41,"column":34}},"loc":{"start":{"line":41,"column":83},"end":{"line":44,"column":null}},"line":41},"1":{"name":"(anonymous_1)","decl":{"start":{"line":48,"column":14},"end":{"line":48,"column":26}},"loc":{"start":{"line":48,"column":26},"end":{"line":48,"column":null}},"line":48},"2":{"name":"(anonymous_2)","decl":{"start":{"line":50,"column":30},"end":{"line":50,"column":42}},"loc":{"start":{"line":50,"column":42},"end":{"line":52,"column":null}},"line":50},"3":{"name":"getPrismaClientClass","decl":{"start":{"line":212,"column":16},"end":{"line":212,"column":64}},"loc":{"start":{"line":212,"column":64},"end":{"line":213,"column":null}},"line":212}},"branchMap":{},"s":{"0":3,"1":3,"2":3,"3":3,"4":3,"5":3,"6":3,"7":3,"8":3,"9":3,"10":3},"f":{"0":3,"1":3,"2":3,"3":3},"b":{},"meta":{"lastBranch":0,"lastFunction":4,"lastStatement":11,"seen":{"s:18:46:33:Infinity":0,"s:35:0:35:Infinity":1,"s:36:0:39:Infinity":2,"f:41:15:41:34":0,"s:42:21:42:Infinity":3,"s:43:20:43:53":4,"s:44:2:44:Infinity":5,"s:47:0:56:Infinity":6,"f:48:14:48:26":1,"s:48:26:48:Infinity":7,"f:50:30:50:42":2,"s:51:21:51:Infinity":8,"s:52:4:52:Infinity":9,"f:212:16:212:64":3,"s:213:2:213:Infinity":10}}}
,"C:\\Users\\arist\\Documents\\work\\cosplay_Angola\\cosplay_angola_back\\src\\generated\\prisma\\internal\\prismaNamespace.ts": {"path":"C:\\Users\\arist\\Documents\\work\\cosplay_Angola\\cosplay_angola_back\\src\\generated\\prisma\\internal\\prismaNamespace.ts","statementMap":{"0":{"start":{"line":32,"column":45},"end":{"line":32,"column":null}},"1":{"start":{"line":35,"column":47},"end":{"line":35,"column":null}},"2":{"start":{"line":38,"column":42},"end":{"line":38,"column":null}},"3":{"start":{"line":41,"column":47},"end":{"line":41,"column":null}},"4":{"start":{"line":44,"column":43},"end":{"line":44,"column":null}},"5":{"start":{"line":50,"column":19},"end":{"line":50,"column":null}},"6":{"start":{"line":51,"column":21},"end":{"line":51,"column":null}},"7":{"start":{"line":52,"column":20},"end":{"line":52,"column":null}},"8":{"start":{"line":53,"column":19},"end":{"line":53,"column":null}},"9":{"start":{"line":54,"column":19},"end":{"line":54,"column":null}},"10":{"start":{"line":62,"column":23},"end":{"line":62,"column":null}},"11":{"start":{"line":71,"column":35},"end":{"line":71,"column":null}},"12":{"start":{"line":86,"column":44},"end":{"line":89,"column":null}},"13":{"start":{"line":104,"column":25},"end":{"line":108,"column":null}},"14":{"start":{"line":114,"column":22},"end":{"line":114,"column":null}},"15":{"start":{"line":121,"column":24},"end":{"line":121,"column":null}},"16":{"start":{"line":128,"column":23},"end":{"line":128,"column":null}},"17":{"start":{"line":386,"column":25},"end":{"line":389,"column":null}},"18":{"start":{"line":585,"column":41},"end":{"line":590,"column":11}},"19":{"start":{"line":595,"column":35},"end":{"line":603,"column":null}},"20":{"start":{"line":608,"column":43},"end":{"line":616,"column":null}},"21":{"start":{"line":621,"column":25},"end":{"line":624,"column":null}},"22":{"start":{"line":629,"column":25},"end":{"line":632,"column":null}},"23":{"start":{"line":637,"column":26},"end":{"line":640,"column":null}},"24":{"start":{"line":713,"column":31},"end":{"line":713,"column":null}}},"fnMap":{},"branchMap":{},"s":{"0":3,"1":3,"2":3,"3":3,"4":3,"5":3,"6":3,"7":3,"8":3,"9":3,"10":3,"11":3,"12":3,"13":3,"14":3,"15":3,"16":3,"17":3,"18":3,"19":3,"20":3,"21":3,"22":3,"23":3,"24":3},"f":{},"b":{},"meta":{"lastBranch":0,"lastFunction":0,"lastStatement":25,"seen":{"s:32:45:32:Infinity":0,"s:35:47:35:Infinity":1,"s:38:42:38:Infinity":2,"s:41:47:41:Infinity":3,"s:44:43:44:Infinity":4,"s:50:19:50:Infinity":5,"s:51:21:51:Infinity":6,"s:52:20:52:Infinity":7,"s:53:19:53:Infinity":8,"s:54:19:54:Infinity":9,"s:62:23:62:Infinity":10,"s:71:35:71:Infinity":11,"s:86:44:89:Infinity":12,"s:104:25:108:Infinity":13,"s:114:22:114:Infinity":14,"s:121:24:121:Infinity":15,"s:128:23:128:Infinity":16,"s:386:25:389:Infinity":17,"s:585:41:590:11":18,"s:595:35:603:Infinity":19,"s:608:43:616:Infinity":20,"s:621:25:624:Infinity":21,"s:629:25:632:Infinity":22,"s:637:26:640:Infinity":23,"s:713:31:713:Infinity":24}}}
,"C:\\Users\\arist\\Documents\\work\\cosplay_Angola\\cosplay_angola_back\\src\\middlewares\\auth.middleware.ts": {"path":"C:\\Users\\arist\\Documents\\work\\cosplay_Angola\\cosplay_angola_back\\src\\middlewares\\auth.middleware.ts","statementMap":{"0":{"start":{"line":12,"column":2},"end":{"line":42,"column":null}},"1":{"start":{"line":14,"column":23},"end":{"line":14,"column":null}},"2":{"start":{"line":16,"column":4},"end":{"line":20,"column":null}},"3":{"start":{"line":17,"column":6},"end":{"line":20,"column":null}},"4":{"start":{"line":24,"column":28},"end":{"line":24,"column":49}},"5":{"start":{"line":26,"column":4},"end":{"line":30,"column":null}},"6":{"start":{"line":27,"column":6},"end":{"line":30,"column":null}},"7":{"start":{"line":33,"column":20},"end":{"line":33,"column":42}},"8":{"start":{"line":37,"column":4},"end":{"line":37,"column":null}},"9":{"start":{"line":39,"column":4},"end":{"line":42,"column":null}},"10":{"start":{"line":50,"column":2},"end":{"line":58,"column":null}},"11":{"start":{"line":52,"column":21},"end":{"line":52,"column":null}},"12":{"start":{"line":54,"column":4},"end":{"line":58,"column":null}},"13":{"start":{"line":55,"column":6},"end":{"line":58,"column":null}}},"fnMap":{"0":{"name":"authMiddleware","decl":{"start":{"line":8,"column":22},"end":{"line":8,"column":null}},"loc":{"start":{"line":11,"column":2},"end":{"line":42,"column":null}},"line":11},"1":{"name":"requireRole","decl":{"start":{"line":49,"column":16},"end":{"line":49,"column":28}},"loc":{"start":{"line":49,"column":55},"end":{"line":58,"column":null}},"line":49},"2":{"name":"(anonymous_2)","decl":{"start":{"line":50,"column":9},"end":{"line":50,"column":16}},"loc":{"start":{"line":50,"column":65},"end":{"line":58,"column":null}},"line":50}},"branchMap":{"0":{"loc":{"start":{"line":16,"column":4},"end":{"line":20,"column":null}},"type":"if","locations":[{"start":{"line":16,"column":4},"end":{"line":20,"column":null}},{"start":{},"end":{}}],"line":16},"1":{"loc":{"start":{"line":26,"column":4},"end":{"line":30,"column":null}},"type":"if","locations":[{"start":{"line":26,"column":4},"end":{"line":30,"column":null}},{"start":{},"end":{}}],"line":26},"2":{"loc":{"start":{"line":26,"column":8},"end":{"line":26,"column":39}},"type":"binary-expr","locations":[{"start":{"line":26,"column":8},"end":{"line":26,"column":31}},{"start":{"line":26,"column":31},"end":{"line":26,"column":39}}],"line":26},"3":{"loc":{"start":{"line":41,"column":15},"end":{"line":41,"column":null}},"type":"binary-expr","locations":[{"start":{"line":41,"column":15},"end":{"line":41,"column":32}},{"start":{"line":41,"column":32},"end":{"line":41,"column":null}}],"line":41},"4":{"loc":{"start":{"line":54,"column":4},"end":{"line":58,"column":null}},"type":"if","locations":[{"start":{"line":54,"column":4},"end":{"line":58,"column":null}},{"start":{},"end":{}}],"line":54},"5":{"loc":{"start":{"line":54,"column":8},"end":{"line":54,"column":53}},"type":"binary-expr","locations":[{"start":{"line":54,"column":8},"end":{"line":54,"column":21}},{"start":{"line":54,"column":21},"end":{"line":54,"column":53}}],"line":54}},"s":{"0":4,"1":4,"2":4,"3":1,"4":3,"5":3,"6":1,"7":2,"8":2,"9":1,"10":0,"11":0,"12":0,"13":0},"f":{"0":4,"1":0,"2":0},"b":{"0":[1,3],"1":[1,2],"2":[3,2],"3":[1,0],"4":[0,0],"5":[0,0]},"meta":{"lastBranch":6,"lastFunction":3,"lastStatement":14,"seen":{"f:8:22:8:Infinity":0,"s:12:2:42:Infinity":0,"s:14:23:14:Infinity":1,"b:16:4:20:Infinity:undefined:undefined:undefined:undefined":0,"s:16:4:20:Infinity":2,"s:17:6:20:Infinity":3,"s:24:28:24:49":4,"b:26:4:30:Infinity:undefined:undefined:undefined:undefined":1,"s:26:4:30:Infinity":5,"b:26:8:26:31:26:31:26:39":2,"s:27:6:30:Infinity":6,"s:33:20:33:42":7,"s:37:4:37:Infinity":8,"s:39:4:42:Infinity":9,"b:41:15:41:32:41:32:41:Infinity":3,"f:49:16:49:28":1,"s:50:2:58:Infinity":10,"f:50:9:50:16":2,"s:52:21:52:Infinity":11,"b:54:4:58:Infinity:undefined:undefined:undefined:undefined":4,"s:54:4:58:Infinity":12,"b:54:8:54:21:54:21:54:53":5,"s:55:6:58:Infinity":13}}}
,"C:\\Users\\arist\\Documents\\work\\cosplay_Angola\\cosplay_angola_back\\src\\routes\\auth.routes.ts": {"path":"C:\\Users\\arist\\Documents\\work\\cosplay_Angola\\cosplay_angola_back\\src\\routes\\auth.routes.ts","statementMap":{"0":{"start":{"line":5,"column":23},"end":{"line":5,"column":43}},"1":{"start":{"line":12,"column":2},"end":{"line":12,"column":null}},"2":{"start":{"line":18,"column":2},"end":{"line":18,"column":null}},"3":{"start":{"line":25,"column":2},"end":{"line":28,"column":null}}},"fnMap":{"0":{"name":"authRoutes","decl":{"start":{"line":7,"column":22},"end":{"line":7,"column":33}},"loc":{"start":{"line":7,"column":55},"end":{"line":28,"column":null}},"line":7}},"branchMap":{},"s":{"0":3,"1":16,"2":16,"3":16},"f":{"0":16},"b":{},"meta":{"lastBranch":0,"lastFunction":1,"lastStatement":4,"seen":{"s:5:23:5:43":0,"f:7:22:7:33":0,"s:12:2:12:Infinity":1,"s:18:2:18:Infinity":2,"s:25:2:28:Infinity":3}}}
,"C:\\Users\\arist\\Documents\\work\\cosplay_Angola\\cosplay_angola_back\\src\\schemas\\auth.schema.ts": {"path":"C:\\Users\\arist\\Documents\\work\\cosplay_Angola\\cosplay_angola_back\\src\\schemas\\auth.schema.ts","statementMap":{"0":{"start":{"line":6,"column":30},"end":{"line":11,"column":2}},"1":{"start":{"line":16,"column":27},"end":{"line":19,"column":2}}},"fnMap":{},"branchMap":{},"s":{"0":3,"1":3},"f":{},"b":{},"meta":{"lastBranch":0,"lastFunction":0,"lastStatement":2,"seen":{"s:6:30:11:2":0,"s:16:27:19:2":1}}}
,"C:\\Users\\arist\\Documents\\work\\cosplay_Angola\\cosplay_angola_back\\src\\services\\auth.service.ts": {"path":"C:\\Users\\arist\\Documents\\work\\cosplay_Angola\\cosplay_angola_back\\src\\services\\auth.service.ts","statementMap":{"0":{"start":{"line":11,"column":25},"end":{"line":13,"column":6}},"1":{"start":{"line":15,"column":4},"end":{"line":16,"column":null}},"2":{"start":{"line":16,"column":6},"end":{"line":16,"column":null}},"3":{"start":{"line":18,"column":27},"end":{"line":18,"column":66}},"4":{"start":{"line":20,"column":17},"end":{"line":34,"column":6}},"5":{"start":{"line":36,"column":18},"end":{"line":40,"column":6}},"6":{"start":{"line":42,"column":4},"end":{"line":45,"column":null}},"7":{"start":{"line":52,"column":17},"end":{"line":54,"column":6}},"8":{"start":{"line":56,"column":4},"end":{"line":57,"column":null}},"9":{"start":{"line":57,"column":6},"end":{"line":57,"column":null}},"10":{"start":{"line":60,"column":28},"end":{"line":62,"column":null}},"11":{"start":{"line":65,"column":4},"end":{"line":66,"column":null}},"12":{"start":{"line":66,"column":6},"end":{"line":66,"column":null}},"13":{"start":{"line":69,"column":18},"end":{"line":73,"column":6}},"14":{"start":{"line":75,"column":52},"end":{"line":75,"column":null}},"15":{"start":{"line":77,"column":4},"end":{"line":80,"column":null}},"16":{"start":{"line":87,"column":17},"end":{"line":104,"column":6}},"17":{"start":{"line":106,"column":4},"end":{"line":107,"column":null}},"18":{"start":{"line":107,"column":6},"end":{"line":107,"column":null}},"19":{"start":{"line":110,"column":4},"end":{"line":110,"column":null}}},"fnMap":{"0":{"name":"(anonymous_0)","decl":{"start":{"line":10,"column":8},"end":{"line":10,"column":17}},"loc":{"start":{"line":10,"column":38},"end":{"line":45,"column":null}},"line":10},"1":{"name":"(anonymous_1)","decl":{"start":{"line":51,"column":8},"end":{"line":51,"column":14}},"loc":{"start":{"line":51,"column":32},"end":{"line":80,"column":null}},"line":51},"2":{"name":"(anonymous_2)","decl":{"start":{"line":86,"column":8},"end":{"line":86,"column":20}},"loc":{"start":{"line":86,"column":36},"end":{"line":110,"column":null}},"line":86}},"branchMap":{"0":{"loc":{"start":{"line":15,"column":4},"end":{"line":16,"column":null}},"type":"if","locations":[{"start":{"line":15,"column":4},"end":{"line":16,"column":null}},{"start":{},"end":{}}],"line":15},"1":{"loc":{"start":{"line":25,"column":14},"end":{"line":25,"column":null}},"type":"binary-expr","locations":[{"start":{"line":25,"column":14},"end":{"line":25,"column":27}},{"start":{"line":25,"column":27},"end":{"line":25,"column":null}}],"line":25},"2":{"loc":{"start":{"line":56,"column":4},"end":{"line":57,"column":null}},"type":"if","locations":[{"start":{"line":56,"column":4},"end":{"line":57,"column":null}},{"start":{},"end":{}}],"line":56},"3":{"loc":{"start":{"line":65,"column":4},"end":{"line":66,"column":null}},"type":"if","locations":[{"start":{"line":65,"column":4},"end":{"line":66,"column":null}},{"start":{},"end":{}}],"line":65},"4":{"loc":{"start":{"line":106,"column":4},"end":{"line":107,"column":null}},"type":"if","locations":[{"start":{"line":106,"column":4},"end":{"line":107,"column":null}},{"start":{},"end":{}}],"line":106}},"s":{"0":4,"1":4,"2":1,"3":3,"4":3,"5":3,"6":3,"7":4,"8":4,"9":1,"10":3,"11":3,"12":1,"13":2,"14":2,"15":2,"16":1,"17":1,"18":0,"19":1},"f":{"0":4,"1":4,"2":1},"b":{"0":[1,3],"1":[3,0],"2":[1,3],"3":[1,2],"4":[0,1]},"meta":{"lastBranch":5,"lastFunction":3,"lastStatement":20,"seen":{"f:10:8:10:17":0,"s:11:25:13:6":0,"b:15:4:16:Infinity:undefined:undefined:undefined:undefined":0,"s:15:4:16:Infinity":1,"s:16:6:16:Infinity":2,"s:18:27:18:66":3,"s:20:17:34:6":4,"b:25:14:25:27:25:27:25:Infinity":1,"s:36:18:40:6":5,"s:42:4:45:Infinity":6,"f:51:8:51:14":1,"s:52:17:54:6":7,"b:56:4:57:Infinity:undefined:undefined:undefined:undefined":2,"s:56:4:57:Infinity":8,"s:57:6:57:Infinity":9,"s:60:28:62:Infinity":10,"b:65:4:66:Infinity:undefined:undefined:undefined:undefined":3,"s:65:4:66:Infinity":11,"s:66:6:66:Infinity":12,"s:69:18:73:6":13,"s:75:52:75:Infinity":14,"s:77:4:80:Infinity":15,"f:86:8:86:20":2,"s:87:17:104:6":16,"b:106:4:107:Infinity:undefined:undefined:undefined:undefined":4,"s:106:4:107:Infinity":17,"s:107:6:107:Infinity":18,"s:110:4:110:Infinity":19}}}
,"C:\\Users\\arist\\Documents\\work\\cosplay_Angola\\cosplay_angola_back\\src\\utils\\jwt.ts": {"path":"C:\\Users\\arist\\Documents\\work\\cosplay_Angola\\cosplay_angola_back\\src\\utils\\jwt.ts","statementMap":{"0":{"start":{"line":15,"column":4},"end":{"line":15,"column":null}},"1":{"start":{"line":22,"column":4},"end":{"line":25,"column":null}},"2":{"start":{"line":23,"column":6},"end":{"line":23,"column":null}},"3":{"start":{"line":25,"column":6},"end":{"line":25,"column":null}}},"fnMap":{"0":{"name":"(anonymous_0)","decl":{"start":{"line":14,"column":9},"end":{"line":14,"column":18}},"loc":{"start":{"line":14,"column":47},"end":{"line":15,"column":null}},"line":14},"1":{"name":"(anonymous_1)","decl":{"start":{"line":21,"column":9},"end":{"line":21,"column":16}},"loc":{"start":{"line":21,"column":43},"end":{"line":25,"column":null}},"line":21}},"branchMap":{},"s":{"0":5,"1":2,"2":2,"3":1},"f":{"0":3,"1":3},"b":{},"meta":{"lastBranch":0,"lastFunction":2,"lastStatement":4,"seen":{"f:14:9:14:18":0,"s:15:4:15:Infinity":0,"f:21:9:21:16":1,"s:22:4:25:Infinity":1,"s:23:6:23:Infinity":2,"s:25:6:25:Infinity":3}}}
,"C:\\Users\\arist\\Documents\\work\\cosplay_Angola\\cosplay_angola_back\\src\\utils\\password.ts": {"path":"C:\\Users\\arist\\Documents\\work\\cosplay_Angola\\cosplay_angola_back\\src\\utils\\password.ts","statementMap":{"0":{"start":{"line":3,"column":20},"end":{"line":3,"column":null}},"1":{"start":{"line":10,"column":4},"end":{"line":10,"column":null}},"2":{"start":{"line":17,"column":4},"end":{"line":17,"column":null}}},"fnMap":{"0":{"name":"(anonymous_0)","decl":{"start":{"line":9,"column":15},"end":{"line":9,"column":20}},"loc":{"start":{"line":9,"column":55},"end":{"line":10,"column":null}},"line":9},"1":{"name":"(anonymous_1)","decl":{"start":{"line":16,"column":15},"end":{"line":16,"column":23}},"loc":{"start":{"line":16,"column":73},"end":{"line":17,"column":null}},"line":16}},"branchMap":{},"s":{"0":3,"1":7,"2":3},"f":{"0":3,"1":3},"b":{},"meta":{"lastBranch":0,"lastFunction":2,"lastStatement":3,"seen":{"s:3:20:3:Infinity":0,"f:9:15:9:20":0,"s:10:4:10:Infinity":1,"f:16:15:16:23":1,"s:17:4:17:Infinity":2}}}
,"C:\\Users\\arist\\Documents\\work\\cosplay_Angola\\cosplay_angola_back\\tests\\helpers\\app.helper.ts": {"path":"C:\\Users\\arist\\Documents\\work\\cosplay_Angola\\cosplay_angola_back\\tests\\helpers\\app.helper.ts","statementMap":{"0":{"start":{"line":11,"column":8},"end":{"line":11,"column":23}},"1":{"start":{"line":14,"column":2},"end":{"line":14,"column":null}},"2":{"start":{"line":15,"column":2},"end":{"line":15,"column":null}},"3":{"start":{"line":18,"column":2},"end":{"line":18,"column":null}},"4":{"start":{"line":18,"column":34},"end":{"line":18,"column":50}},"5":{"start":{"line":19,"column":2},"end":{"line":19,"column":null}},"6":{"start":{"line":21,"column":2},"end":{"line":21,"column":null}}},"fnMap":{"0":{"name":"createTestApp","decl":{"start":{"line":10,"column":22},"end":{"line":10,"column":64}},"loc":{"start":{"line":10,"column":64},"end":{"line":21,"column":null}},"line":10},"1":{"name":"(anonymous_1)","decl":{"start":{"line":18,"column":21},"end":{"line":18,"column":34}},"loc":{"start":{"line":18,"column":34},"end":{"line":18,"column":50}},"line":18}},"branchMap":{},"s":{"0":16,"1":16,"2":16,"3":16,"4":0,"5":16,"6":16},"f":{"0":16,"1":0},"b":{},"meta":{"lastBranch":0,"lastFunction":2,"lastStatement":7,"seen":{"f:10:22:10:64":0,"s:11:8:11:23":0,"s:14:2:14:Infinity":1,"s:15:2:15:Infinity":2,"s:18:2:18:Infinity":3,"f:18:21:18:34":1,"s:18:34:18:50":4,"s:19:2:19:Infinity":5,"s:21:2:21:Infinity":6}}}
,"C:\\Users\\arist\\Documents\\work\\cosplay_Angola\\cosplay_angola_back\\tests\\helpers\\auth.helper.ts": {"path":"C:\\Users\\arist\\Documents\\work\\cosplay_Angola\\cosplay_angola_back\\tests\\helpers\\auth.helper.ts","statementMap":{"0":{"start":{"line":14,"column":25},"end":{"line":14,"column":77}},"1":{"start":{"line":16,"column":2},"end":{"line":23,"column":null}},"2":{"start":{"line":34,"column":19},"end":{"line":38,"column":4}},"3":{"start":{"line":40,"column":15},"end":{"line":40,"column":40}},"4":{"start":{"line":41,"column":2},"end":{"line":41,"column":null}}},"fnMap":{"0":{"name":"createTestUser","decl":{"start":{"line":8,"column":22},"end":{"line":8,"column":37}},"loc":{"start":{"line":13,"column":3},"end":{"line":23,"column":null}},"line":13},"1":{"name":"loginAndGetToken","decl":{"start":{"line":29,"column":22},"end":{"line":29,"column":null}},"loc":{"start":{"line":33,"column":19},"end":{"line":41,"column":null}},"line":33}},"branchMap":{"0":{"loc":{"start":{"line":14,"column":50},"end":{"line":14,"column":77}},"type":"binary-expr","locations":[{"start":{"line":14,"column":50},"end":{"line":14,"column":68}},{"start":{"line":14,"column":68},"end":{"line":14,"column":77}}],"line":14},"1":{"loc":{"start":{"line":18,"column":12},"end":{"line":18,"column":null}},"type":"binary-expr","locations":[{"start":{"line":18,"column":12},"end":{"line":18,"column":26}},{"start":{"line":18,"column":26},"end":{"line":18,"column":null}}],"line":18},"2":{"loc":{"start":{"line":19,"column":13},"end":{"line":19,"column":null}},"type":"binary-expr","locations":[{"start":{"line":19,"column":13},"end":{"line":19,"column":28}},{"start":{"line":19,"column":28},"end":{"line":19,"column":null}}],"line":19},"3":{"loc":{"start":{"line":21,"column":12},"end":{"line":21,"column":null}},"type":"binary-expr","locations":[{"start":{"line":21,"column":12},"end":{"line":21,"column":26}},{"start":{"line":21,"column":26},"end":{"line":21,"column":null}}],"line":21}},"s":{"0":4,"1":4,"2":1,"3":1,"4":1},"f":{"0":4,"1":1},"b":{"0":[4,1],"1":[4,3],"2":[4,0],"3":[4,4]},"meta":{"lastBranch":4,"lastFunction":2,"lastStatement":5,"seen":{"f:8:22:8:37":0,"s:14:25:14:77":0,"b:14:50:14:68:14:68:14:77":0,"s:16:2:23:Infinity":1,"b:18:12:18:26:18:26:18:Infinity":1,"b:19:13:19:28:19:28:19:Infinity":2,"b:21:12:21:26:21:26:21:Infinity":3,"f:29:22:29:Infinity":1,"s:34:19:38:4":2,"s:40:15:40:40":3,"s:41:2:41:Infinity":4}}}
}
